Сборка начата 16.04.2024 21:31:37.
Уровень детализации журнала: Normal.     1>Проект "D:\education\raboti\Labi\KPO_1sem\lab9\lab9\lab9\lab9.vcxproj" в узле 2 (целевые объекты Build).
     1>PrepareForBuild:
         Создание каталога "D:\education\raboti\Labi\KPO_1sem\lab9\lab9\Debug\".
         Создание каталога "Debug\lab9.tlog\".
       InitializeBuildStatus:
         Создание "Debug\lab9.tlog\unsuccessfulbuild", так как было задано "AlwaysCreate".
         Обращение к "Debug\lab9.tlog\unsuccessfulbuild".
       ClCompile:
         C:\Program Files\Microsoft Visual Studio\2022\Community\VC\Tools\MSVC\14.37.32822\bin\HostX86\x86\CL.exe /c /ZI /JMC /nologo /W3 /WX- /diagnostics:column /sdl /Od /Oy- /D WIN32 /D _DEBUG /D _CONSOLE /D _UNICODE /D UNICODE /Gm- /EHsc /RTC1 /MDd /GS /fp:precise /Zc:wchar_t /Zc:forScope /Zc:inline /permissive- /Fo"Debug\\" /Fd"Debug\vc143.pdb" /external:W3 /Gd /TP /analyze- /FC /errorReport:prompt lab9.cpp varparm.cpp
         lab9.cpp
     1>D:\education\raboti\Labi\KPO_1sem\lab9\lab9\lab9\lab9.cpp(8,1): warning C4326: возвращаемый тип "main" должен быть "int", а не "void"
     1>D:\education\raboti\Labi\KPO_1sem\lab9\lab9\lab9\lab9.cpp(38,27): warning C4305: аргумент: усечение из "double" в "float"
     1>D:\education\raboti\Labi\KPO_1sem\lab9\lab9\lab9\lab9.cpp(39,27): warning C4305: аргумент: усечение из "double" в "float"
     1>D:\education\raboti\Labi\KPO_1sem\lab9\lab9\lab9\lab9.cpp(40,27): warning C4305: аргумент: усечение из "double" в "float"
         varparm.cpp
         Создание кода...
       Link:
         C:\Program Files\Microsoft Visual Studio\2022\Community\VC\Tools\MSVC\14.37.32822\bin\HostX86\x86\link.exe /ERRORREPORT:PROMPT /OUT:"D:\education\raboti\Labi\KPO_1sem\lab9\lab9\Debug\lab9.exe" /INCREMENTAL /ILK:"Debug\lab9.ilk" /NOLOGO kernel32.lib user32.lib gdi32.lib winspool.lib comdlg32.lib advapi32.lib shell32.lib ole32.lib oleaut32.lib uuid.lib odbc32.lib odbccp32.lib /MANIFEST /MANIFESTUAC:"level='asInvoker' uiAccess='false'" /manifest:embed /DEBUG /PDB:"D:\education\raboti\Labi\KPO_1sem\lab9\lab9\Debug\lab9.pdb" /SUBSYSTEM:CONSOLE /TLBID:1 /DYNAMICBASE /NXCOMPAT /IMPLIB:"D:\education\raboti\Labi\KPO_1sem\lab9\lab9\Debug\lab9.lib" /MACHINE:X86 Debug\lab9.obj
         Debug\varparm.obj
         lab9.vcxproj -> D:\education\raboti\Labi\KPO_1sem\lab9\lab9\Debug\lab9.exe
       FinalizeBuildStatus:
         Файл "Debug\lab9.tlog\unsuccessfulbuild" удаляется.
         Обращение к "Debug\lab9.tlog\lab9.lastbuildstate".
     1>Сборка проекта "D:\education\raboti\Labi\KPO_1sem\lab9\lab9\lab9\lab9.vcxproj" завершена (целевые объекты Build).

Сборка успешно завершена.

       "D:\education\raboti\Labi\KPO_1sem\lab9\lab9\lab9\lab9.vcxproj" (целевой объект Build ) (1) ->
       (Целевой объект ClCompile) -> 
         D:\education\raboti\Labi\KPO_1sem\lab9\lab9\lab9\lab9.cpp(8,1): warning C4326: возвращаемый тип "main" должен быть "int", а не "void"
         D:\education\raboti\Labi\KPO_1sem\lab9\lab9\lab9\lab9.cpp(38,27): warning C4305: аргумент: усечение из "double" в "float"
         D:\education\raboti\Labi\KPO_1sem\lab9\lab9\lab9\lab9.cpp(39,27): warning C4305: аргумент: усечение из "double" в "float"
         D:\education\raboti\Labi\KPO_1sem\lab9\lab9\lab9\lab9.cpp(40,27): warning C4305: аргумент: усечение из "double" в "float"

    Предупреждений: 4
    Ошибок: 0

Прошло времени 00:00:04.37
