Сборка начата 16.02.2024 18:36:58.
Уровень детализации журнала: Normal.     1>Проект "D:\education\raboti\Labi\KPO_1sem\lab2\SE_lab2\SE_lab2\SE_lab2.vcxproj" в узле 2 (целевые объекты Build).
     1>InitializeBuildStatus:
         Создание "x64\Debug\SE_lab2.tlog\unsuccessfulbuild", так как было задано "AlwaysCreate".
         Обращение к "x64\Debug\SE_lab2.tlog\unsuccessfulbuild".
       ClCompile:
         C:\Program Files\Microsoft Visual Studio\2022\Community\VC\Tools\MSVC\14.37.32822\bin\HostX64\x64\CL.exe /c /ZI /JMC /nologo /W3 /WX- /diagnostics:column /sdl /Od /D _DEBUG /D _CONSOLE /D _UNICODE /D UNICODE /Gm- /EHsc /RTC1 /MDd /GS /fp:precise /Zc:wchar_t /Zc:forScope /Zc:inline /permissive- /Fo"x64\Debug\\" /Fd"x64\Debug\vc143.pdb" /external:W3 /Gd /TP /FC /errorReport:prompt SE_lab2.cpp
         SE_lab2.cpp
     1>D:\education\raboti\Labi\KPO_1sem\lab2\SE_lab2\SE_lab2\SE_lab2.cpp(17,10): warning C4244: инициализация: преобразование "double" в "float", возможна потеря данных
     1>D:\education\raboti\Labi\KPO_1sem\lab2\SE_lab2\SE_lab2\SE_lab2.cpp(33,14): warning C4305: инициализация: усечение из "unsigned int" в "short"
     1>D:\education\raboti\Labi\KPO_1sem\lab2\SE_lab2\SE_lab2\SE_lab2.cpp(33,16): warning C4309: инициализация: усечение константного значения
     1>D:\education\raboti\Labi\KPO_1sem\lab2\SE_lab2\SE_lab2\SE_lab2.cpp(42,14): warning C4309: инициализация: усечение константного значения
     1>D:\education\raboti\Labi\KPO_1sem\lab2\SE_lab2\SE_lab2\SE_lab2.cpp(51,15): warning C4309: инициализация: усечение константного значения
     1>D:\education\raboti\Labi\KPO_1sem\lab2\SE_lab2\SE_lab2\SE_lab2.cpp(61): warning C4723: возможное деление на 0
     1>D:\education\raboti\Labi\KPO_1sem\lab2\SE_lab2\SE_lab2\SE_lab2.cpp(60): warning C4723: возможное деление на 0
       Link:
         C:\Program Files\Microsoft Visual Studio\2022\Community\VC\Tools\MSVC\14.37.32822\bin\HostX64\x64\link.exe /ERRORREPORT:PROMPT /OUT:"D:\education\raboti\Labi\KPO_1sem\lab2\SE_lab2\x64\Debug\SE_lab2.exe" /INCREMENTAL /ILK:"x64\Debug\SE_lab2.ilk" /NOLOGO kernel32.lib user32.lib gdi32.lib winspool.lib comdlg32.lib advapi32.lib shell32.lib ole32.lib oleaut32.lib uuid.lib odbc32.lib odbccp32.lib /MANIFEST /MANIFESTUAC:"level='asInvoker' uiAccess='false'" /manifest:embed /DEBUG /PDB:"D:\education\raboti\Labi\KPO_1sem\lab2\SE_lab2\x64\Debug\SE_lab2.pdb" /SUBSYSTEM:CONSOLE /TLBID:1 /DYNAMICBASE /NXCOMPAT /IMPLIB:"D:\education\raboti\Labi\KPO_1sem\lab2\SE_lab2\x64\Debug\SE_lab2.lib" /MACHINE:X64 x64\Debug\SE_lab2.obj
         SE_lab2.vcxproj -> D:\education\raboti\Labi\KPO_1sem\lab2\SE_lab2\x64\Debug\SE_lab2.exe
       FinalizeBuildStatus:
         Файл "x64\Debug\SE_lab2.tlog\unsuccessfulbuild" удаляется.
         Обращение к "x64\Debug\SE_lab2.tlog\SE_lab2.lastbuildstate".
     1>Сборка проекта "D:\education\raboti\Labi\KPO_1sem\lab2\SE_lab2\SE_lab2\SE_lab2.vcxproj" завершена (целевые объекты Build).

Сборка успешно завершена.

       "D:\education\raboti\Labi\KPO_1sem\lab2\SE_lab2\SE_lab2\SE_lab2.vcxproj" (целевой объект Build ) (1) ->
       (Целевой объект ClCompile) -> 
         D:\education\raboti\Labi\KPO_1sem\lab2\SE_lab2\SE_lab2\SE_lab2.cpp(17,10): warning C4244: инициализация: преобразование "double" в "float", возможна потеря данных
         D:\education\raboti\Labi\KPO_1sem\lab2\SE_lab2\SE_lab2\SE_lab2.cpp(33,14): warning C4305: инициализация: усечение из "unsigned int" в "short"
         D:\education\raboti\Labi\KPO_1sem\lab2\SE_lab2\SE_lab2\SE_lab2.cpp(33,16): warning C4309: инициализация: усечение константного значения
         D:\education\raboti\Labi\KPO_1sem\lab2\SE_lab2\SE_lab2\SE_lab2.cpp(42,14): warning C4309: инициализация: усечение константного значения
         D:\education\raboti\Labi\KPO_1sem\lab2\SE_lab2\SE_lab2\SE_lab2.cpp(51,15): warning C4309: инициализация: усечение константного значения
         D:\education\raboti\Labi\KPO_1sem\lab2\SE_lab2\SE_lab2\SE_lab2.cpp(61): warning C4723: возможное деление на 0
         D:\education\raboti\Labi\KPO_1sem\lab2\SE_lab2\SE_lab2\SE_lab2.cpp(60): warning C4723: возможное деление на 0

    Предупреждений: 7
    Ошибок: 0

Прошло времени 00:00:01.52
